<?xml version="1.0" encoding="UTF-8"?>
<testng-results ignored="0" total="4" passed="3" failed="1" skipped="0">
  <reporter-output>
  </reporter-output>
  <suite started-at="2024-05-06T17:37:01 IST" name="Parallel Test Suite" finished-at="2024-05-06T17:39:56 IST" duration-ms="175584">
    <groups>
    </groups>
    <test started-at="2024-05-06T17:37:01 IST" name="ChromeTest" finished-at="2024-05-06T17:37:27 IST" duration-ms="26509">
      <class name="diyLambda.LoginLT">
        <test-method is-config="true" signature="setUp(java.lang.String,java.lang.String,java.lang.String)[pri:0, instance:diyLambda.LoginLT@957e06]" started-at="2024-05-06T17:37:01 IST" name="setUp" finished-at="2024-05-06T17:37:07 IST" duration-ms="6122" status="PASS">
          <params>
            <param index="0">
              <value>
                <![CDATA[chrome]]>
              </value>
            </param>
            <param index="1">
              <value>
                <![CDATA[latest]]>
              </value>
            </param>
            <param index="2">
              <value>
                <![CDATA[Windows 10]]>
              </value>
            </param>
          </params>
          <reporter-output>
          </reporter-output>
        </test-method> <!-- setUp -->
        <test-method signature="loginTest()[pri:0, instance:diyLambda.LoginLT@957e06]" started-at="2024-05-06T17:37:07 IST" name="loginTest" finished-at="2024-05-06T17:37:27 IST" duration-ms="20356" status="PASS">
          <reporter-output>
          </reporter-output>
        </test-method> <!-- loginTest -->
      </class> <!-- diyLambda.LoginLT -->
    </test> <!-- ChromeTest -->
    <test started-at="2024-05-06T17:37:01 IST" name="FirefoxTest" finished-at="2024-05-06T17:37:46 IST" duration-ms="45483">
      <class name="diyLambda.LoginLT">
        <test-method is-config="true" signature="setUp(java.lang.String,java.lang.String,java.lang.String)[pri:0, instance:diyLambda.LoginLT@4f80542f]" started-at="2024-05-06T17:37:01 IST" name="setUp" finished-at="2024-05-06T17:37:14 IST" duration-ms="13271" status="PASS">
          <params>
            <param index="0">
              <value>
                <![CDATA[firefox]]>
              </value>
            </param>
            <param index="1">
              <value>
                <![CDATA[latest]]>
              </value>
            </param>
            <param index="2">
              <value>
                <![CDATA[Windows 11]]>
              </value>
            </param>
          </params>
          <reporter-output>
          </reporter-output>
        </test-method> <!-- setUp -->
        <test-method signature="loginTest()[pri:0, instance:diyLambda.LoginLT@4f80542f]" started-at="2024-05-06T17:37:14 IST" name="loginTest" finished-at="2024-05-06T17:37:46 IST" duration-ms="32197" status="PASS">
          <reporter-output>
          </reporter-output>
        </test-method> <!-- loginTest -->
      </class> <!-- diyLambda.LoginLT -->
    </test> <!-- FirefoxTest -->
    <test started-at="2024-05-06T17:37:01 IST" name="edgeTest" finished-at="2024-05-06T17:38:28 IST" duration-ms="87589">
      <class name="diyLambda.LoginLT">
        <test-method is-config="true" signature="setUp(java.lang.String,java.lang.String,java.lang.String)[pri:0, instance:diyLambda.LoginLT@a38c7fe]" started-at="2024-05-06T17:37:01 IST" name="setUp" finished-at="2024-05-06T17:38:00 IST" duration-ms="59772" status="PASS">
          <params>
            <param index="0">
              <value>
                <![CDATA[Edge]]>
              </value>
            </param>
            <param index="1">
              <value>
                <![CDATA[latest]]>
              </value>
            </param>
            <param index="2">
              <value>
                <![CDATA[Windows 8]]>
              </value>
            </param>
          </params>
          <reporter-output>
          </reporter-output>
        </test-method> <!-- setUp -->
        <test-method signature="loginTest()[pri:0, instance:diyLambda.LoginLT@a38c7fe]" started-at="2024-05-06T17:38:00 IST" name="loginTest" finished-at="2024-05-06T17:38:28 IST" duration-ms="27801" status="PASS">
          <reporter-output>
          </reporter-output>
        </test-method> <!-- loginTest -->
      </class> <!-- diyLambda.LoginLT -->
    </test> <!-- edgeTest -->
    <test started-at="2024-05-06T17:37:01 IST" name="SafariTest" finished-at="2024-05-06T17:39:56 IST" duration-ms="175584">
      <class name="diyLambda.LoginLT">
        <test-method is-config="true" signature="setUp(java.lang.String,java.lang.String,java.lang.String)[pri:0, instance:diyLambda.LoginLT@576d5deb]" started-at="2024-05-06T17:37:01 IST" name="setUp" finished-at="2024-05-06T17:37:41 IST" duration-ms="40196" status="PASS">
          <params>
            <param index="0">
              <value>
                <![CDATA[Safari]]>
              </value>
            </param>
            <param index="1">
              <value>
                <![CDATA[latest]]>
              </value>
            </param>
            <param index="2">
              <value>
                <![CDATA[MacOS Catalina]]>
              </value>
            </param>
          </params>
          <reporter-output>
          </reporter-output>
        </test-method> <!-- setUp -->
        <test-method signature="loginTest()[pri:0, instance:diyLambda.LoginLT@576d5deb]" started-at="2024-05-06T17:37:41 IST" name="loginTest" finished-at="2024-05-06T17:39:56 IST" duration-ms="135368" status="FAIL">
          <exception class="org.openqa.selenium.NoSuchElementException">
            <message>
              <![CDATA[For documentation on this error, please visit: https://www.selenium.dev/documentation/webdriver/troubleshooting/errors#no-such-element-exception
Build info: version: '4.19.1', revision: 'abe0ee07dc'
System info: os.name: 'Windows 11', os.arch: 'amd64', os.version: '10.0', java.version: '17.0.8.1'
Driver info: org.openqa.selenium.remote.RemoteWebDriver
Command: [27DA2297-243B-4783-898E-B1444CE6C39A, findElement {value=(//*[contains(text(),'Continue')])[1], using=xpath}]
Capabilities {acceptInsecureCerts: false, browserName: Safari, browserVersion: 13.1.2, platformName: mac, safari:automaticInspection: false, safari:automaticProfiling: false, safari:diagnose: false, safari:platformBuildVersion: 19G73, safari:platformVersion: 10.15.6, safari:useSimulator: false, setWindowRect: true, strictFileInteractability: false, webkit:WebRTC: {DisableICECandidateFiltering: false, DisableInsecureMediaCapture: false}}
Session ID: 27DA2297-243B-4783-898E-B1444CE6C39A]]>
            </message>
            <full-stacktrace>
              <![CDATA[org.openqa.selenium.NoSuchElementException: For documentation on this error, please visit: https://www.selenium.dev/documentation/webdriver/troubleshooting/errors#no-such-element-exception
Build info: version: '4.19.1', revision: 'abe0ee07dc'
System info: os.name: 'Windows 11', os.arch: 'amd64', os.version: '10.0', java.version: '17.0.8.1'
Driver info: org.openqa.selenium.remote.RemoteWebDriver
Command: [27DA2297-243B-4783-898E-B1444CE6C39A, findElement {value=(//*[contains(text(),'Continue')])[1], using=xpath}]
Capabilities {acceptInsecureCerts: false, browserName: Safari, browserVersion: 13.1.2, platformName: mac, safari:automaticInspection: false, safari:automaticProfiling: false, safari:diagnose: false, safari:platformBuildVersion: 19G73, safari:platformVersion: 10.15.6, safari:useSimulator: false, setWindowRect: true, strictFileInteractability: false, webkit:WebRTC: {DisableICECandidateFiltering: false, DisableInsecureMediaCapture: false}}
Session ID: 27DA2297-243B-4783-898E-B1444CE6C39A
at java.base/jdk.internal.reflect.NativeConstructorAccessorImpl.newInstance0(Native Method)
at java.base/jdk.internal.reflect.NativeConstructorAccessorImpl.newInstance(NativeConstructorAccessorImpl.java:77)
at java.base/jdk.internal.reflect.DelegatingConstructorAccessorImpl.newInstance(DelegatingConstructorAccessorImpl.java:45)
at java.base/java.lang.reflect.Constructor.newInstanceWithCaller(Constructor.java:499)
at java.base/java.lang.reflect.Constructor.newInstance(Constructor.java:480)
at org.openqa.selenium.remote.ErrorCodec.decode(ErrorCodec.java:167)
at org.openqa.selenium.remote.codec.w3c.W3CHttpResponseCodec.decode(W3CHttpResponseCodec.java:138)
at org.openqa.selenium.remote.codec.w3c.W3CHttpResponseCodec.decode(W3CHttpResponseCodec.java:50)
at org.openqa.selenium.remote.HttpCommandExecutor.execute(HttpCommandExecutor.java:190)
at org.openqa.selenium.remote.TracedCommandExecutor.execute(TracedCommandExecutor.java:51)
at org.openqa.selenium.remote.RemoteWebDriver.execute(RemoteWebDriver.java:518)
at org.openqa.selenium.remote.ElementLocation$ElementFinder$2.findElement(ElementLocation.java:165)
at org.openqa.selenium.remote.ElementLocation.findElement(ElementLocation.java:59)
at org.openqa.selenium.remote.RemoteWebDriver.findElement(RemoteWebDriver.java:355)
at org.openqa.selenium.remote.RemoteWebDriver.findElement(RemoteWebDriver.java:349)
at diyLambda.LoginLT.linkbtn(LoginLT.java:52)
at diyLambda.LoginLT.loginTest(LoginLT.java:80)
at java.base/jdk.internal.reflect.NativeMethodAccessorImpl.invoke0(Native Method)
at java.base/jdk.internal.reflect.NativeMethodAccessorImpl.invoke(NativeMethodAccessorImpl.java:77)
at java.base/jdk.internal.reflect.DelegatingMethodAccessorImpl.invoke(DelegatingMethodAccessorImpl.java:43)
at java.base/java.lang.reflect.Method.invoke(Method.java:568)
at org.testng.internal.MethodInvocationHelper.invokeMethod(MethodInvocationHelper.java:133)
at org.testng.internal.TestInvoker.invokeMethod(TestInvoker.java:598)
at org.testng.internal.TestInvoker.invokeTestMethod(TestInvoker.java:173)
at org.testng.internal.MethodRunner.runInSequence(MethodRunner.java:46)
at org.testng.internal.TestInvoker$MethodInvocationAgent.invoke(TestInvoker.java:824)
at org.testng.internal.TestInvoker.invokeTestMethods(TestInvoker.java:146)
at org.testng.internal.TestMethodWorker.invokeTestMethods(TestMethodWorker.java:146)
at org.testng.internal.TestMethodWorker.run(TestMethodWorker.java:128)
at java.base/java.util.ArrayList.forEach(ArrayList.java:1511)
at org.testng.TestRunner.privateRun(TestRunner.java:794)
at org.testng.TestRunner.run(TestRunner.java:596)
at org.testng.SuiteRunner.runTest(SuiteRunner.java:377)
at org.testng.SuiteRunner.access$000(SuiteRunner.java:28)
at org.testng.SuiteRunner$SuiteWorker.run(SuiteRunner.java:418)
at org.testng.internal.thread.ThreadUtil.lambda$execute$0(ThreadUtil.java:64)
at java.base/java.util.concurrent.FutureTask.run(FutureTask.java:264)
at java.base/java.util.concurrent.ThreadPoolExecutor.runWorker(ThreadPoolExecutor.java:1136)
at java.base/java.util.concurrent.ThreadPoolExecutor$Worker.run(ThreadPoolExecutor.java:635)
at java.base/java.lang.Thread.run(Thread.java:833)
]]>
            </full-stacktrace>
          </exception> <!-- org.openqa.selenium.NoSuchElementException -->
          <reporter-output>
          </reporter-output>
        </test-method> <!-- loginTest -->
      </class> <!-- diyLambda.LoginLT -->
    </test> <!-- SafariTest -->
  </suite> <!-- Parallel Test Suite -->
</testng-results>
